2026-07-13 18:57:23 | User | Tell me a joke! 🤪
2026-07-13 18:57:26 | Bot | Haha, you want to laugh! 😂 Here's a silly one for you!

What do you call a dinosaur that tells jokes? A **funny-saurus!** 🦖🤣 Get it? Funny-saurus! 

Did that make you giggle? 🤪✨ Want another joke, a story, or should we play a game? 🎮🦕
2026-07-13 19:28:59 | User | Tell me a fact 🧐
2026-07-13 19:29:02 | Bot | Did you know? 🦖 Butterflies taste with their feet! 🦋 They land on flowers and can tell if the flower is good to eat just by standing on it! Isn't that amazing? 🌸✨ Want another cool fact, or should we do something else fun? 🤔🌟
2026-07-13 19:29:06 | User | Play a game 🎮
2026-07-13 19:29:08 | Bot | Yay, let's play! 🎮✨ What game sounds fun? Here are your choices:
- **20 Questions** 🤔 (I think of something, you guess!)
- **Riddle Game** 🧩 (I give you tricky riddles!)
- **Word Association** 💭 (We say words that connect!)
- **Trivia** 🧠 (I ask you fun questions!)

Which one do you want to play? 🦖🌟
2026-07-13 19:29:51 | User | trivia
2026-07-13 19:29:53 | Bot | Awesome! 🎯 Let's play Trivia! 🧠✨ I'll ask you fun questions, and you try to answer! Ready? Here's your first question:

**What do bees make?** 🐝
A) Honey 🍯
B) Jelly
C) Syrup

What's your answer? 🤔🦖
2026-07-13 19:30:06 | User | a
2026-07-13 19:30:07 | Bot | That's right! 🎉 Bees make honey! 🍯🐝 You got it! Great job! 🌟 Here's your next question:

**How many legs does a spider have?** 🕷️
A) 6 legs
B) 8 legs
C) 10 legs

What's your answer? 🤔🦖✨
2026-07-13 19:30:34 | User | b
2026-07-13 19:30:37 | Bot | Correct! 🎉 Spiders have 8 legs! 🕷️ You're amazing! 🌟 Here's your next question:

**What planet do we live on?** 🌍
A) Mars
B) Venus
C) Earth

What's your answer? 🤔🦖✨
2026-07-13 19:30:57 | User | c
2026-07-13 19:30:59 | Bot | Perfect! 🎉 We live on Earth! 🌍 You're on fire! 🔥🌟 Here's your next question:

**What animal is the fastest land animal?** 🏃‍♂️
A) Lion 🦁
B) Cheetah 🐆
C) Horse 🐴

What's your answer? 🤔🦖✨
2026-07-13 19:31:16 | User | b
2026-07-13 19:31:17 | Bot | Awesome! 🎉 Cheetahs are the fastest land animals! 🐆💨 You're so smart! 🌟 Here's your next question:

**What do plants need to grow?** 🌱
A) Water, sunlight, and soil
B) Just water
C) Just sunlight

What's your answer? 🤔🦖✨
2026-07-13 19:32:24 | User | A
2026-07-13 19:32:25 | Bot | Excellent! 🎉 Plants need water, sunlight, and soil to grow! 🌱☀️💧 You're doing fantastic! 🌟 Here's your next question:

**How many wings does a butterfly have?** 🦋
A) 2 wings
B) 4 wings
C) 6 wings

What's your answer? 🤔🦖✨
2026-07-13 19:33:19 | User | B
2026-07-13 19:33:26 | Bot | Perfect! 🎉 Butterflies have 4 wings! 🦋 You're a trivia superstar! 🌟✨ Here's your next question:

**What is the biggest animal in the world?** 🐋
A) Elephant 🐘
B) Blue whale 🐋
C) Giraffe 🦒

What's your answer? 🤔🦖✨
2026-07-13 19:34:11 | User | B
2026-07-13 19:34:12 | Bot | Correct! 🎉 The blue whale is the biggest animal in the world! 🐋 You're incredible! 🌟 Here's your next question:

**What do we use our ears for?** 👂
A) To see
B) To hear
C) To taste

What's your answer? 🤔🦖✨
2026-07-13 19:34:40 | User | B
2026-07-13 19:34:41 | Bot | That's right! 🎉 We use our ears to hear! 👂 You're amazing at trivia! 🌟✨ Here's your next question:

**What color is the sky on a sunny day?** 🌤️
A) Green
B) Blue
C) Yellow

What's your answer? 🤔🦖✨
2026-07-13 19:35:16 | User | B
2026-07-13 19:35:18 | Bot | Fantastic! 🎉 The sky is blue on a sunny day! 🌤️ You got it right! 🌟 You're doing so well at trivia! 🦖✨ Here's your next question:

**What do penguins live on?** 🐧
A) The North Pole
B) The South Pole (Antarctica)
C) Mountains

What's your answer? 🤔✨
2026-07-13 19:36:25 | User | B
2026-07-13 19:36:28 | Bot | Correct! 🎉 Penguins live on the South Pole (Antarctica)! 🐧❄️ You're a trivia champion! 🌟✨ You've answered so many questions perfectly! 🦖 

You did amazing! 🎊 Want to play more trivia, try a different game, hear a story, or do something else? 🤔🎮
2026-07-13 19:36:37 | User | Tell me a joke! 🤪
2026-07-13 19:36:40 | Bot | Haha, you want to laugh again! 😂 Here's a super silly one for you!

Why did the cookie go to the doctor? Because it felt crumbly! 🍪😆 So goofy, right? 🤪✨

Did that make you giggle? 🦖 Want another joke, play a game, or hear a story? 🎮📖🌟
2026-07-13 19:36:54 | User | Tell me a fact 🧐
2026-07-13 19:36:55 | Bot | Did you know? 🦖 A giraffe's tongue is super long—about 20 inches! 👅 They use their long tongues to grab leaves from tall trees! 🌳✨ That's so cool, right? Want another wild fact, or should we play a game? 🤔🌟
2026-07-13 19:36:58 | User | Play a game 🎮
2026-07-13 19:37:00 | Bot | Yay, let's play! 🎮✨ What sounds fun to you?
- **20 Questions** 🤔 (I think of something, you guess!)
- **Riddle Game** 🧩 (Tricky riddles to solve!)
- **Word Association** 💭 (Words that connect!)
- **Trivia** 🧠 (Fun quiz questions!)

Which one do you want to play? 🦖🌟
2026-07-13 19:37:27 | User | riddle
2026-07-13 19:37:29 | Bot | Awesome! 🧩✨ Let's play the Riddle Game! 🦖 I'll give you a tricky riddle, and you try to guess the answer! Ready? Here's your first riddle:

**I have a face and two hands, but no arms or legs. What am I?** 🤔

Take your time and think! 💭 What do you think the answer is? 🌟
2026-07-13 19:38:28 | User | analog clock
2026-07-13 19:38:30 | Bot | Wow, you're so smart! 🎉 Yes! It's a **clock!** ⏰ You got it right! 🌟✨ Here's your next riddle:

**I'm tall when I'm young, and short when I'm old. What am I?** 🤔

Think carefully! 💭 What's your answer? 🦖🌟
2026-07-13 19:39:04 | User | sun
2026-07-13 19:39:05 | Bot | Great guess! 🌞 But that's not quite it! Let me give you a hint: think about something you light up! 🕯️💡 Try again! What do you think? 🤔🦖✨
2026-07-13 19:39:38 | User | candle
2026-07-13 19:39:40 | Bot | Yes! That's it! 🎉 A **candle!** 🕯️ When it's new, it's tall, and as it burns, it gets shorter! You're so clever! 🌟✨ Here's your next riddle:

**I have cities, but no houses. I have mountains, but no trees. I have water, but no fish. What am I?** 🤔

Think hard! 💭 What's your answer? 🦖🌟
2026-07-13 19:40:06 | User | map
2026-07-13 19:40:07 | Bot | Perfect! 🎉 It's a **map!** 🗺️ You're amazing at riddles! 🌟✨ Here's your next one:

**What has a head and a tail, but no body?** 🤔

Think carefully! 💭 What do you think? 🦖🌟
2026-07-13 19:40:24 | User | penny
2026-07-13 19:40:25 | Bot | Excellent! 🎉 Yes! It's a **coin** (like a penny)! 🪙 A coin has a head on one side and a tail on the other! You're a riddle master! 🌟✨ Here's your next riddle:

**I speak without a mouth and hear without ears. I have no body, but I come alive with wind. What am I?** 🤔

Think hard! 💭 What's your answer? 🦖🌟
2026-07-13 19:41:53 | User | fan
2026-07-13 19:41:55 | Bot | Good thinking! 🤔 But that's not quite it! Let me give you a hint: think about something you hear in a canyon or empty space! 📢 Try again! What do you think? 🦖✨
2026-07-13 19:42:10 | User | echo
2026-07-13 19:42:12 | Bot | Correct! 🎉 It's an **echo!** 📢 An echo speaks without a mouth, hears without ears, and bounces around with sound! You're so smart! 🌟✨ Here's your next riddle:

**What gets wet while drying?** 🤔

Think about it! 💭 What's your answer? 🦖🌟
2026-07-13 19:42:42 | User | towel
2026-07-13 19:42:44 | Bot | Perfect! 🎉 It's a **towel!** 🛁 A towel gets wet while it's drying you off! You're a riddle superstar! 🌟✨ Here's your next riddle:

**I have keys, but no locks. I have space, but no room. What am I?** 🤔

Think carefully! 💭 What do you think? 🦖🌟
2026-07-13 19:43:33 | User | monkey
2026-07-13 19:43:35 | Bot | Good try! 🤔 But that's not it! Let me give you a hint: think about something you use to make music or type! 🎹💻 Try again! What do you think? 🦖✨
2026-07-13 19:44:56 | User | piano
2026-07-13 19:44:59 | Bot | Excellent! 🎉 It's a **piano!** 🎹 A piano has keys but no locks, and it has a space bar but no room! You're amazing at riddles! 🌟✨ You've solved so many! 🦖

You did fantastic! 🎊 Want more riddles, play a different game, hear a story, or do something else? 🤔🎮📖
